2017-02-22 22:35:39 INFO  DatabaseConnection:21 - JDBC Driver is loaded
2017-02-22 22:35:40 INFO  DatabaseConnection:28 - Connect to database successful!!!
2017-02-22 22:36:21 INFO  DatabaseConnection:21 - JDBC Driver is loaded
2017-02-22 22:36:22 INFO  DatabaseConnection:28 - Connect to database successful!!!
2017-02-22 22:37:23 INFO  DatabaseConnection:21 - JDBC Driver is loaded
2017-02-22 22:37:24 ERROR DatabaseConnection:30 - Can't connect to database!!!
2017-02-22 22:37:24 ERROR DatabaseConnection:31 - Access denied for user 'servlab_danoop'@'%' to database 'servab_danoop'
2017-02-27 18:44:01 INFO  DatabaseConnection:28 - JDBC Driver is loaded
2017-02-27 18:44:05 ERROR DatabaseConnection:37 - Can't connect to database!!!
2017-02-27 18:44:05 ERROR DatabaseConnection:38 - Access denied for user 'servlab_danoop'@'%' to database 'servab_danoop'
2017-02-27 18:46:29 INFO  DatabaseConnection:28 - JDBC Driver is loaded
2017-02-27 18:46:29 ERROR DatabaseConnection:37 - Can't connect to database!!!
2017-02-27 18:46:29 ERROR DatabaseConnection:38 - Access denied for user 'servlab_danoop'@'%' to database 'servab_danoop'
2017-02-27 18:46:53 INFO  DatabaseConnection:28 - JDBC Driver is loaded
2017-02-27 18:46:54 ERROR DatabaseConnection:37 - Can't connect to database!!!
2017-02-27 18:46:54 ERROR DatabaseConnection:38 - Access denied for user 'servlab_danoop'@'%' to database 'servab_danoop'
2017-02-27 18:48:04 INFO  DatabaseConnection:28 - JDBC Driver is loaded
2017-02-27 18:48:05 ERROR DatabaseConnection:37 - Can't connect to database!!!
2017-02-27 18:48:05 ERROR DatabaseConnection:38 - Access denied for user 'servlab_danoop'@'%' to database 'servab_danoop'
2017-02-27 18:52:48 INFO  DatabaseConnection:28 - JDBC Driver is loaded
2017-02-27 18:52:49 ERROR DatabaseConnection:37 - Can't connect to database!!!
2017-02-27 18:52:49 ERROR DatabaseConnection:38 - Access denied for user 'servlab_danoop'@'%' to database 'servab_danoop'
2017-02-27 18:56:33 INFO  DatabaseConnection:28 - JDBC Driver is loaded
2017-02-27 18:56:34 ERROR DatabaseConnection:37 - Can't connect to database!!!
2017-02-27 18:56:34 ERROR DatabaseConnection:38 - Access denied for user 'servlab_danoop'@'%' to database 'servab_danoop'
2017-02-27 19:06:26 INFO  DatabaseConnection:29 - JDBC Driver is loaded
2017-02-27 19:06:26 ERROR DatabaseConnection:38 - Can't connect to database!!!
2017-02-27 19:06:26 ERROR DatabaseConnection:39 - Access denied for user 'servlab_danoop'@'%' to database 'servab_danoop'
2017-02-27 19:12:20 INFO  DatabaseConnection:26 - JDBC Driver is loaded
2017-02-27 19:12:20 ERROR DatabaseConnection:35 - Can't connect to database!!!
2017-02-27 19:12:20 ERROR DatabaseConnection:36 - Access denied for user 'servlab_danoop'@'%' to database 'servab_danoop'
2017-02-27 19:15:06 INFO  DatabaseConnection:26 - JDBC Driver is loaded
2017-02-27 19:15:06 ERROR DatabaseConnection:35 - Can't connect to database!!!
2017-02-27 19:15:06 ERROR DatabaseConnection:36 - Access denied for user 'servlab_danoop'@'%' to database 'servab_danoop'
2017-02-27 19:16:28 INFO  DatabaseConnection:26 - JDBC Driver is loaded
2017-02-27 19:16:29 ERROR DatabaseConnection:35 - Can't connect to database!!!
2017-02-27 19:16:29 ERROR DatabaseConnection:36 - Access denied for user 'servlab_danoop'@'%' to database 'servab_danoop'
2017-02-27 19:23:03 INFO  DatabaseConnection:26 - JDBC Driver is loaded
2017-02-27 19:23:04 ERROR DatabaseConnection:35 - Can't connect to database!!!
2017-02-27 19:23:04 ERROR DatabaseConnection:36 - Access denied for user 'servlab_danoop'@'%' to database 'servab_danoop'
2017-02-27 21:04:26 INFO  DatabaseConnection:26 - JDBC Driver is loaded
2017-02-27 21:04:27 ERROR DatabaseConnection:35 - Can't connect to database!!!
2017-02-27 21:04:27 ERROR DatabaseConnection:36 - Access denied for user 'servlab_danoop'@'%' to database 'servab_danoop'
2017-02-27 21:11:56 INFO  DatabaseConnection:26 - JDBC Driver is loaded
2017-02-27 21:11:57 ERROR DatabaseConnection:35 - Can't connect to database!!!
2017-02-27 21:11:57 ERROR DatabaseConnection:36 - Access denied for user 'servlab_danoop'@'%' to database 'servab_danoop'
2017-02-28 10:51:18 INFO  DatabaseConnection:26 - JDBC Driver is loaded
2017-02-28 10:51:18 ERROR DatabaseConnection:35 - Can't connect to database!!!
2017-02-28 10:51:18 ERROR DatabaseConnection:36 - Access denied for user 'servlab_danoop'@'%' to database 'servab_danoop'
2017-02-28 10:55:42 INFO  DatabaseConnection:26 - JDBC Driver is loaded
2017-02-28 10:56:25 ERROR DatabaseConnection:35 - Can't connect to database!!!
2017-02-28 10:56:25 ERROR DatabaseConnection:36 - Access denied for user 'servlab_danoop'@'%' to database 'servab_danoop'
2017-02-28 10:58:07 INFO  DatabaseConnection:26 - JDBC Driver is loaded
2017-02-28 10:58:08 ERROR DatabaseConnection:35 - Can't connect to database!!!
2017-02-28 10:58:08 ERROR DatabaseConnection:36 - Access denied for user 'servlab_danoop@91.206.200.228'@'193.186.9.64' (using password: YES)
2017-02-28 10:58:47 INFO  DatabaseConnection:26 - JDBC Driver is loaded
2017-02-28 10:58:48 ERROR DatabaseConnection:35 - Can't connect to database!!!
2017-02-28 10:58:48 ERROR DatabaseConnection:36 - Access denied for user 'servlab_danoop'@'%' to database 'servab_danoop'
2017-02-28 11:12:53 INFO  DatabaseConnection:26 - JDBC Driver is loaded
2017-02-28 11:12:53 INFO  DatabaseConnection:33 - Connect to database successful!!!
2017-03-06 19:03:01 INFO  DatabaseConnection:26 - JDBC Driver is loaded
2017-03-06 19:03:01 ERROR DatabaseConnection:35 - Can't connect to database!!!
2017-03-06 19:03:01 ERROR DatabaseConnection:36 - Access denied for user 'root'@'localhost' (using password: YES)
2017-03-06 19:46:14 INFO  Account:154 - Serialized!!!
2017-03-06 19:46:14 INFO  Account:157 - Finish all streams!!!
2017-03-06 19:46:14 INFO  Account:154 - Serialized!!!
2017-03-06 19:46:14 INFO  Account:157 - Finish all streams!!!
2017-03-06 23:01:11 INFO  Account:154 - Serialized!!!
2017-03-06 23:01:11 INFO  Account:157 - Finish all streams!!!
2017-03-06 23:02:11 INFO  Account:154 - Serialized!!!
2017-03-06 23:02:11 INFO  Account:157 - Finish all streams!!!
2017-03-06 23:04:02 INFO  Account:154 - Serialized!!!
2017-03-06 23:04:02 INFO  Account:157 - Finish all streams!!!
2017-03-08 20:31:36 INFO  Account:179 - Serialized!!!
2017-03-08 20:31:36 INFO  Account:182 - Finish all streams!!!
2017-03-08 20:31:36 INFO  Account:179 - Serialized!!!
2017-03-08 20:31:36 INFO  Account:182 - Finish all streams!!!
2017-03-08 20:33:18 INFO  Account:180 - Serialized!!!
2017-03-08 20:33:18 INFO  Account:183 - Finish all streams!!!
2017-03-08 20:33:18 INFO  Account:180 - Serialized!!!
2017-03-08 20:33:18 INFO  Account:183 - Finish all streams!!!
2017-03-08 20:33:48 INFO  Account:180 - Serialized!!!
2017-03-08 20:33:48 INFO  Account:183 - Finish all streams!!!
2017-03-08 20:33:48 INFO  Account:180 - Serialized!!!
2017-03-08 20:33:48 INFO  Account:183 - Finish all streams!!!
2017-03-08 20:35:53 INFO  Account:181 - Serialized!!!
2017-03-08 20:35:53 INFO  Account:184 - Finish all streams!!!
2017-03-08 20:35:53 INFO  Account:181 - Serialized!!!
2017-03-08 20:35:53 INFO  Account:184 - Finish all streams!!!
2017-03-08 20:49:33 INFO  Account:181 - Serialized!!!
2017-03-08 20:49:33 INFO  Account:184 - Finish all streams!!!
2017-03-08 20:49:33 INFO  Account:181 - Serialized!!!
2017-03-08 20:49:33 INFO  Account:184 - Finish all streams!!!
2017-03-08 20:50:06 INFO  Account:181 - Serialized!!!
2017-03-08 20:50:06 INFO  Account:184 - Finish all streams!!!
2017-03-08 20:50:06 INFO  Account:181 - Serialized!!!
2017-03-08 20:50:06 INFO  Account:184 - Finish all streams!!!
2017-03-08 20:51:36 INFO  Account:181 - Serialized!!!
2017-03-08 20:51:36 INFO  Account:184 - Finish all streams!!!
2017-03-08 20:51:36 INFO  Account:181 - Serialized!!!
2017-03-08 20:51:36 INFO  Account:184 - Finish all streams!!!
2017-03-08 20:54:03 INFO  Account:183 - Serialized!!!
2017-03-08 20:54:03 INFO  Account:186 - Finish all streams!!!
2017-03-08 20:54:03 INFO  Account:183 - Serialized!!!
2017-03-08 20:54:03 INFO  Account:186 - Finish all streams!!!
2017-03-08 20:57:19 INFO  Account:182 - Serialized!!!
2017-03-08 20:57:19 INFO  Account:185 - Finish all streams!!!
2017-03-08 20:57:19 INFO  Account:182 - Serialized!!!
2017-03-08 20:57:19 INFO  Account:185 - Finish all streams!!!
2017-03-08 20:58:00 INFO  Account:182 - Serialized!!!
2017-03-08 20:58:00 INFO  Account:185 - Finish all streams!!!
2017-03-08 20:58:00 INFO  Account:182 - Serialized!!!
2017-03-08 20:58:00 INFO  Account:185 - Finish all streams!!!
2017-03-08 22:40:22 INFO  Account:176 - Serialized!!!
2017-03-08 22:40:22 INFO  Account:179 - Finish all streams!!!
2017-03-18 10:38:18 INFO  Account:178 - Serialized!!!
2017-03-18 10:38:18 INFO  Account:181 - Finish all streams!!!
2017-03-18 10:40:14 INFO  Account:178 - Serialized!!!
2017-03-18 10:40:14 INFO  Account:181 - Finish all streams!!!
2017-03-18 10:43:27 INFO  Account:178 - Serialized!!!
2017-03-18 10:43:27 INFO  Account:181 - Finish all streams!!!
2017-03-18 10:47:11 INFO  Account:178 - Serialized!!!
2017-03-18 10:47:11 INFO  Account:181 - Finish all streams!!!
2017-03-18 10:47:44 INFO  Account:178 - Serialized!!!
2017-03-18 10:47:44 INFO  Account:181 - Finish all streams!!!
2017-03-18 10:51:43 INFO  Account:178 - Serialized!!!
2017-03-18 10:51:43 INFO  Account:181 - Finish all streams!!!
2017-03-18 10:52:22 INFO  Account:178 - Serialized!!!
2017-03-18 10:52:22 INFO  Account:181 - Finish all streams!!!
2017-03-18 10:53:06 INFO  Account:178 - Serialized!!!
2017-03-18 10:53:06 INFO  Account:181 - Finish all streams!!!
2017-03-18 10:53:56 INFO  Account:178 - Serialized!!!
2017-03-18 10:53:56 INFO  Account:181 - Finish all streams!!!
2017-03-18 19:54:59 INFO  Account:178 - Serialized!!!
2017-03-18 19:54:59 INFO  Account:181 - Finish all streams!!!
2017-03-18 19:56:05 INFO  Account:178 - Serialized!!!
2017-03-18 19:56:05 INFO  Account:181 - Finish all streams!!!
